0 info it worked if it ends with ok
1 verbose cli [ '/usr/local/bin/node', '/usr/local/bin/npm', 'publish', './' ]
2 info using npm@3.10.9
3 info using node@v6.9.2
4 verbose publish [ './' ]
5 silly cache add args [ './', null ]
6 verbose cache add spec ./
7 silly cache add parsed spec Result {
7 silly cache add   raw: './',
7 silly cache add   scope: null,
7 silly cache add   escapedName: null,
7 silly cache add   name: null,
7 silly cache add   rawSpec: './',
7 silly cache add   spec: '/Users/manel/Development/github_repos/ngCarouselDirective',
7 silly cache add   type: 'directory' }
8 verbose addLocalDirectory /Users/manel/.npm/nativescript-ng2-carousel/0.0.1/package.tgz not in flight; packing
9 verbose correctMkdir /Users/manel/.npm correctMkdir not in flight; initializing
10 info lifecycle nativescript-ng2-carousel@0.0.1~prepublish: nativescript-ng2-carousel@0.0.1
11 silly lifecycle nativescript-ng2-carousel@0.0.1~prepublish: no script for prepublish, continuing
12 verbose tar pack [ '/Users/manel/.npm/nativescript-ng2-carousel/0.0.1/package.tgz',
12 verbose tar pack   '/Users/manel/Development/github_repos/ngCarouselDirective' ]
13 verbose tarball /Users/manel/.npm/nativescript-ng2-carousel/0.0.1/package.tgz
14 verbose folder /Users/manel/Development/github_repos/ngCarouselDirective
15 verbose addLocalTarball adding from inside cache /Users/manel/.npm/nativescript-ng2-carousel/0.0.1/package.tgz
16 verbose correctMkdir /Users/manel/.npm correctMkdir not in flight; initializing
17 silly cache afterAdd nativescript-ng2-carousel@0.0.1
18 verbose afterAdd /Users/manel/.npm/nativescript-ng2-carousel/0.0.1/package/package.json not in flight; writing
19 verbose correctMkdir /Users/manel/.npm correctMkdir not in flight; initializing
20 verbose afterAdd /Users/manel/.npm/nativescript-ng2-carousel/0.0.1/package/package.json written
21 silly publish { name: 'nativescript-ng2-carousel',
21 silly publish   version: '0.0.1',
21 silly publish   description: 'A simple NativeScript + Angular 2 images carousel for iOS and Android',
21 silly publish   license: 'MIT',
21 silly publish   main: 'nativescript-ng2-carousel',
21 silly publish   homepage: 'https://github.com/alcoceba/nativescript-ng2-carousel#readme',
21 silly publish   repository:
21 silly publish    { type: 'git',
21 silly publish      url: 'git+https://github.com/alcoceba/nativescript-ng2-carousel.git' },
21 silly publish   typings: 'nativescript-ng2-carousel.ts',
21 silly publish   keywords:
21 silly publish    [ 'angular',
21 silly publish      'nativescript',
21 silly publish      'carousel',
21 silly publish      'images',
21 silly publish      'slides',
21 silly publish      'angular2',
21 silly publish      'ng2',
21 silly publish      'typescript' ],
21 silly publish   author: { name: 'Manel Alcoceba', email: 'manelalcoceba@gmail.com' },
21 silly publish   bugs: { url: 'https://github.com/alcoceba/nativescript-ng2-carousel/issues' },
21 silly publish   scripts: { test: 'echo "Error: no test specified" && exit 1' },
21 silly publish   readme: '# {N} + Angular 2 Carousel Slider\nA simple NativeScript + Angular 2 images carousel for iOS and Android\n\n## Demo\n\niOs                        |  Android\n:-------------------------:|:-------------------------:\n![](https://github.com/alcoceba/ngCarouselDirective/blob/master/demo/ios.gif?raw=true)|![](https://github.com/alcoceba/ngCarouselDirective/blob/master/demo/android.gif?raw=true)\n\n## Getting started\n\n\nSee demo for further details.\n\n1. Add the CarouselDirective class to the declarations NgMoudle metadata:\n<pre>\n@NgModule({\n    declarations: [AppComponent, CarouselDirective],\n    bootstrap: [AppComponent],\n    imports: [NativeScriptModule],\n    schemas: [NO_ERRORS_SCHEMA]\n})\n</pre>\n\n2. To use the CarouselDirective, create a template that applies the directive as an attribute to a paragraph GridLayout element:\n<pre>\n&lt;GridLayout [carousel]="images" carouselLabelOverlay="true" carouselSpeed="2000"&gt;\n    \n&lt;/GridLayout&gt;\n</pre>\n\nAdd images from component:\n<pre>\n@Component({\n    selector: "my-app",\n    templateUrl: "app.component.html"\n})\nexport class AppComponent {\n\n    protected images: Array<any> = [];\n\n    constructor() {\n        this.images = [\n            { title: \'Image 1\', url: \'https://unsplash.it/400/300/?image=867\' },\n            { title: \'Image 2\', url: \'https://unsplash.it/400/300/?image=870\' },\n            { title: \'Image 3\', url: \'https://unsplash.it/400/300/?image=876\' },\n        ];\n    }\n}\n</pre>\n\n3. CSS styling:\n\n<pre>\n/** Slider image */\n.slider-image {\n\n}\n\n/** Slider title format */\n.slider-title {\n    color: #fff;\n    font-weight: bold;\n    background-color: rgba(125, 125, 125);\n    padding: 8;\n    text-align: center;\n    vertical-align: bottom;\n}\n\n/** Arrows */\n.arrow {\n    color: #ffffff;\n    font-size: 32;\n    vertical-align: middle;\n    padding: 10;\n}\n\n/** Arrow left wrapper */\n.arrow.arrow-left {\n\n}\n\n/** Arrow right */\n.arrow.arrow-right {\n\n}\n</pre>\n\n## Supported attributes\n\nCurrently directive supported attributes:\n\n* **carousel** list of images as JSON or CarouselSlide class, accepted parameters (title?, url?, file?)\n* **carouselSpeed** _(optional)_ defines the interval (number in ms) to wait before the next slide is shown \n* **carouselAnimationSpeed** _(optional)_ defines the animation speed (number in ms)\n* **carouselArrows** _(optional)_ arrow type, accepted values _none_, _small_, _normal_, _bold_ or _narrow_ (default _normal_)\n* **carouselLabelOverlay** _(optional)_ silde title over image, accepted values _true_ or _false_ (default false)\n\n',
21 silly publish   readmeFilename: 'README.md',
21 silly publish   gitHead: 'c6448e9fa68ed2a85b76674ac5dfaf5841757ab9',
21 silly publish   _id: 'nativescript-ng2-carousel@0.0.1',
21 silly publish   _shasum: '3275caf55bafb5cd6fbc46c142f9832c02b3d8af',
21 silly publish   _from: '.' }
22 verbose getPublishConfig undefined
23 silly mapToRegistry name nativescript-ng2-carousel
24 silly mapToRegistry using default registry
25 silly mapToRegistry registry https://registry.npmjs.org/
26 silly mapToRegistry data Result {
26 silly mapToRegistry   raw: 'nativescript-ng2-carousel',
26 silly mapToRegistry   scope: null,
26 silly mapToRegistry   escapedName: 'nativescript-ng2-carousel',
26 silly mapToRegistry   name: 'nativescript-ng2-carousel',
26 silly mapToRegistry   rawSpec: '',
26 silly mapToRegistry   spec: 'latest',
26 silly mapToRegistry   type: 'tag' }
27 silly mapToRegistry uri https://registry.npmjs.org/nativescript-ng2-carousel
28 verbose publish registryBase https://registry.npmjs.org/
29 silly publish uploading /Users/manel/.npm/nativescript-ng2-carousel/0.0.1/package.tgz
30 verbose request uri https://registry.npmjs.org/nativescript-ng2-carousel
31 verbose request sending authorization for write operation
32 info attempt registry request try #1 at 22:02:40
33 verbose request using bearer token for auth
34 verbose request id 652a54a49257dbc7
35 http request PUT https://registry.npmjs.org/nativescript-ng2-carousel
36 http 403 https://registry.npmjs.org/nativescript-ng2-carousel
37 verbose headers { 'content-type': 'application/json',
37 verbose headers   'cache-control': 'max-age=300',
37 verbose headers   'content-length': '95',
37 verbose headers   'accept-ranges': 'bytes',
37 verbose headers   date: 'Sun, 25 Jun 2017 20:03:32 GMT',
37 verbose headers   via: '1.1 varnish',
37 verbose headers   connection: 'keep-alive',
37 verbose headers   'x-served-by': 'cache-mad9428-MAD',
37 verbose headers   'x-cache': 'MISS',
37 verbose headers   'x-cache-hits': '0',
37 verbose headers   'x-timer': 'S1498420961.938077,VS0,VE51855',
37 verbose headers   vary: 'Accept-Encoding' }
38 verbose request invalidating /Users/manel/.npm/registry.npmjs.org/nativescript-ng2-carousel on PUT
39 error publish Failed PUT 403
40 verbose stack Error: "You cannot publish over the previously published version 0.0.1." : nativescript-ng2-carousel
40 verbose stack     at makeError (/usr/local/lib/node_modules/npm/node_modules/npm-registry-client/lib/request.js:302:12)
40 verbose stack     at CachingRegistryClient.<anonymous> (/usr/local/lib/node_modules/npm/node_modules/npm-registry-client/lib/request.js:290:14)
40 verbose stack     at Request._callback (/usr/local/lib/node_modules/npm/node_modules/npm-registry-client/lib/request.js:210:14)
40 verbose stack     at Request.self.callback (/usr/local/lib/node_modules/npm/node_modules/request/request.js:187:22)
40 verbose stack     at emitTwo (events.js:106:13)
40 verbose stack     at Request.emit (events.js:191:7)
40 verbose stack     at Request.<anonymous> (/usr/local/lib/node_modules/npm/node_modules/request/request.js:1048:10)
40 verbose stack     at emitOne (events.js:96:13)
40 verbose stack     at Request.emit (events.js:188:7)
40 verbose stack     at IncomingMessage.<anonymous> (/usr/local/lib/node_modules/npm/node_modules/request/request.js:969:12)
41 verbose statusCode 403
42 verbose pkgid nativescript-ng2-carousel
43 verbose cwd /Users/manel/Development/github_repos/ngCarouselDirective
44 error Darwin 16.6.0
45 error argv "/usr/local/bin/node" "/usr/local/bin/npm" "publish" "./"
46 error node v6.9.2
47 error npm  v3.10.9
48 error code E403
49 error "You cannot publish over the previously published version 0.0.1." : nativescript-ng2-carousel
50 error If you need help, you may report this error at:
50 error     <https://github.com/npm/npm/issues>
51 verbose exit [ 1, true ]
